[00:00:18] [Render thread/WARN]: Ambiguity between arguments [teleport, location] and [teleport, destination] with inputs: [0.1 -0.5 .9, 0 0 0]
[00:00:18] [Render thread/WARN]: Ambiguity between arguments [teleport, location] and [teleport, targets] with inputs: [0.1 -0.5 .9, 0 0 0]
[00:00:18] [Render thread/WARN]: Ambiguity between arguments [teleport, destination] and [teleport, targets] with inputs: [Player, 0123, @e, dd12be42-52a9-4a91-a8a1-11c01849e498]
[00:00:18] [Render thread/WARN]: Ambiguity between arguments [teleport, targets] and [teleport, destination] with inputs: [Player, 0123, dd12be42-52a9-4a91-a8a1-11c01849e498]
[00:00:18] [Render thread/WARN]: Ambiguity between arguments [teleport, targets, location] and [teleport, targets, destination] with inputs: [0.1 -0.5 .9, 0 0 0]
[00:00:18] [Render thread/INFO]: Reloading ResourceManager: Default, , main
[00:00:21] [Render thread/INFO]: Loaded 7 recipes
[00:00:23] [Render thread/INFO]: Loaded 1137 advancements
[00:00:23] [Render thread/INFO]: Injecting existing registry data into this CLIENT instance
[00:00:24] [Render thread/WARN]: Ambiguity between arguments [teleport, location] and [teleport, destination] with inputs: [0.1 -0.5 .9, 0 0 0]
[00:00:24] [Render thread/WARN]: Ambiguity between arguments [teleport, location] and [teleport, targets] with inputs: [0.1 -0.5 .9, 0 0 0]
[00:00:24] [Render thread/WARN]: Ambiguity between arguments [teleport, destination] and [teleport, targets] with inputs: [Player, 0123, @e, dd12be42-52a9-4a91-a8a1-11c01849e498]
[00:00:24] [Render thread/WARN]: Ambiguity between arguments [teleport, targets] and [teleport, destination] with inputs: [Player, 0123, dd12be42-52a9-4a91-a8a1-11c01849e498]
[00:00:24] [Render thread/WARN]: Ambiguity between arguments [teleport, targets, location] and [teleport, targets, destination] with inputs: [0.1 -0.5 .9, 0 0 0]
[00:00:24] [Render thread/INFO]: Reloading ResourceManager: Default, , main
[00:00:26] [Render thread/INFO]: Loaded 7 recipes
[00:00:27] [Render thread/INFO]: Loaded 1137 advancements
[00:00:27] [Render thread/INFO]: Injecting existing registry data into this CLIENT instance
[18Oct2021 00:00:28.171] [Render thread/INFO] [com.mojang.authlib.yggdrasil.YggdrasilAuthenticationService/]: Environment: authHost='https://authserver.mojang.com', accountsHost='https://api.mojang.com', sessionHost='https://sessionserver.mojang.com', servicesHost='https://api.minecraftservices.com', name='PROD'
[00:00:28] [Server thread/INFO]: Starting integrated minecraft server version 1.17.1
[00:00:28] [Server thread/INFO]: Generating keypair
[00:00:28] [Server thread/INFO]: Preparing start region for dimension minecraft:overworld
[00:00:28] [Render thread/INFO]: Preparing spawn area: 0%
[00:00:28] [Render thread/INFO]: Preparing spawn area: 0%
[00:00:29] [Render thread/INFO]: Preparing spawn area: 0%
[00:00:34] [Render thread/INFO]: Preparing spawn area: 0%
[00:00:34] [Render thread/INFO]: Preparing spawn area: 0%
[00:00:34] [Render thread/INFO]: Preparing spawn area: 0%
[00:00:34] [Render thread/INFO]: Preparing spawn area: 0%
[00:00:34] [Render thread/INFO]: Preparing spawn area: 0%
[00:00:34] [Render thread/INFO]: Preparing spawn area: 0%
[00:00:34] [Render thread/INFO]: Preparing spawn area: 0%
[00:00:34] [Render thread/INFO]: Preparing spawn area: 0%
[00:00:34] [Render thread/INFO]: Preparing spawn area: 0%
[00:00:34] [Render thread/INFO]: Preparing spawn area: 6%
[00:00:35] [Render thread/INFO]: Preparing spawn area: 86%
[00:00:35] [Render thread/INFO]: Time elapsed: 7112 ms
[00:00:35] [Server thread/INFO]: Changing view distance to 11, from 10
[00:00:36] [Netty Local Client IO #0/INFO]: Connected to a modded server.
[00:00:37] [Server thread/INFO]: Using new advancement loading for net.minecraft.server.PlayerAdvancements@7618ce85
[00:00:37] [Server thread/INFO]: Dev[local:E:42d6ac37] logged in with entity id 265 at (249.68159640218218, 64.0, -96.73051108523856)
[00:00:37] [Server thread/INFO]: Dev joined the game
[00:00:38] [Server thread/INFO]: Saving and pausing game...
[00:00:38] [Server thread/INFO]: Saving chunks for level 'ServerLevel[New World]'/minecraft:overworld
[00:00:38] [Render thread/INFO]: Loaded 118 advancements
[00:00:39] [Server thread/INFO]: Saving chunks for level 'ServerLevel[New World]'/minecraft:the_nether
[00:00:39] [Server thread/INFO]: Saving chunks for level 'ServerLevel[New World]'/minecraft:the_end
[00:00:39] [Server thread/WARN]: Can't keep up! Is the server overloaded? Running 3028ms or 60 ticks behind
[00:00:58] [Server thread/INFO]: Saving and pausing game...
[00:00:58] [Server thread/INFO]: Saving chunks for level 'ServerLevel[New World]'/minecraft:overworld
[00:00:58] [Server thread/INFO]: Saving chunks for level 'ServerLevel[New World]'/minecraft:the_nether
[00:00:58] [Server thread/INFO]: Saving chunks for level 'ServerLevel[New World]'/minecraft:the_end
[00:00:58] [Server thread/INFO]: Dev lost connection: Disconnected
[00:00:58] [Server thread/INFO]: Dev left the game
[00:00:58] [Server thread/INFO]: Stopping singleplayer server as player logged out
[00:00:58] [Server thread/INFO]: Stopping server
[00:00:58] [Server thread/INFO]: Saving players
[00:00:58] [Server thread/INFO]: Saving worlds
[00:00:58] [Server thread/INFO]: Saving chunks for level 'ServerLevel[New World]'/minecraft:overworld
[00:00:59] [Server thread/INFO]: Saving chunks for level 'ServerLevel[New World]'/minecraft:the_nether
[00:00:59] [Server thread/INFO]: Saving chunks for level 'ServerLevel[New World]'/minecraft:the_end
[00:00:59] [Server thread/INFO]: ThreadedAnvilChunkStorage (New World): All chunks are saved
[00:00:59] [Server thread/INFO]: ThreadedAnvilChunkStorage (DIM-1): All chunks are saved
[00:00:59] [Server thread/INFO]: ThreadedAnvilChunkStorage (DIM1): All chunks are saved
[00:00:59] [Server thread/INFO]: ThreadedAnvilChunkStorage: All dimensions are saved
[00:01:01] [Render thread/INFO]: Stopping!
